{"numFailedTestSuites":0,"numFailedTests":0,"numPassedTestSuites":12,"numPassedTests":127,"numPendingTestSuites":0,"numPendingTests":0,"numRuntimeErrorTestSuites":0,"numTodoTests":0,"numTotalTestSuites":12,"numTotalTests":127,"openHandles":[],"snapshot":{"added":0,"didUpdate":false,"failure":false,"filesAdded":0,"filesRemoved":0,"filesRemovedList":[],"filesUnmatched":0,"filesUpdated":0,"matched":0,"total":0,"unchecked":0,"uncheckedKeysByFile":[],"unmatched":0,"updated":0},"startTime":1788391841195,"success":true,"testResults":[{"assertionResults":[{"ancestorTitles":["NotificacionesPage"],"duration":81,"failing":false,"failureDetails":[],"failureMessages":[],"fullName":"NotificacionesPage muestra \"Cargando...\" mientras se verifica la sesión","invocations":1,"location":null,"numPassingAsserts":1,"retryReasons":[],"startAt":1788391842355,"status":"passed","title":"muestra \"Cargando...\" mientras se verifica la sesión"},{"ancestorTitles":["NotificacionesPage"],"duration":29,"failing":false,"failureDetails":[],"failureMessages":[],"fullName":"NotificacionesPage muestra un estado de acceso restringido cuando el usuario no es admin","invocations":1,"location":null,"numPassingAsserts":2,"retryReasons":[],"startAt":1788391842437,"status":"passed","title":"muestra un estado de acceso restringido cuando el usuario no es admin"},{"ancestorTitles":["NotificacionesPage"],"duration":49,"failing":false,"failureDetails":[],"failureMessages":[],"fullName":"NotificacionesPage carga y muestra el formulario cuando el usuario es admin","invocations":1,"location":null,"numPassingAsserts":2,"retryReasons":[],"startAt":1788391842466,"status":"passed","title":"carga y muestra el formulario cuando el usuario es admin"},{"ancestorTitles":["NotificacionesPage"],"duration":66,"failing":false,"failureDetails":[],"failureMessages":[],"fullName":"NotificacionesPage detecta modo \"días específicos\" cuando no todos los días están activos","invocations":1,"location":null,"numPassingAsserts":2,"retryReasons":[],"startAt":1788391842516,"status":"passed","title":"detecta modo \"días específicos\" cuando no todos los días están activos"},{"ancestorTitles":["NotificacionesPage"],"duration":34,"failing":false,"failureDetails":[],"failureMessages":[],"fullName":"NotificacionesPage detecta modo \"todos\" cuando todos los días están activos","invocations":1,"location":null,"numPassingAsserts":2,"retryReasons":[],"startAt":1788391842583,"status":"passed","title":"detecta modo \"todos\" cuando todos los días están activos"},{"ancestorTitles":["NotificacionesPage"],"duration":97,"failing":false,"failureDetails":[],"failureMessages":[],"fullName":"NotificacionesPage muestra un error con opción de reintentar si falla la carga de configuración, y reintentar vuelve a cargar","invocations":1,"location":null,"numPassingAsserts":2,"retryReasons":[],"startAt":1788391842617,"status":"passed","title":"muestra un error con opción de reintentar si falla la carga de configuración, y reintentar vuelve a cargar"},{"ancestorTitles":["NotificacionesPage"],"duration":88,"failing":false,"failureDetails":[],"failureMessages":[],"fullName":"NotificacionesPage oculta el correo y los días cuando se desactiva el interruptor de notificaciones","invocations":1,"location":null,"numPassingAsserts":3,"retryReasons":[],"startAt":1788391842715,"status":"passed","title":"oculta el correo y los días cuando se desactiva el interruptor de notificaciones"},{"ancestorTitles":["NotificacionesPage"],"duration":82,"failing":false,"failureDetails":[],"failureMessages":[],"fullName":"NotificacionesPage cambiar a \"Todos los días\" desde modo específico oculta la selección de días","invocations":1,"location":null,"numPassingAsserts":2,"retryReasons":[],"startAt":1788391842803,"status":"passed","title":"cambiar a \"Todos los días\" desde modo específico oculta la selección de días"},{"ancestorTitles":["NotificacionesPage"],"duration":66,"failing":false,"failureDetails":[],"failureMessages":[],"fullName":"NotificacionesPage bloquea el guardado y muestra error cuando el correo es inválido","invocations":1,"location":null,"numPassingAsserts":2,"retryReasons":[],"startAt":1788391842885,"status":"passed","title":"bloquea el guardado y muestra error cuando el correo es inválido"},{"ancestorTitles":["NotificacionesPage"],"duration":94,"failing":false,"failureDetails":[],"failureMessages":[],"fullName":"NotificacionesPage bloquea el guardado cuando está activo en modo específico sin ningún día seleccionado","invocations":1,"location":null,"numPassingAsserts":2,"retryReasons":[],"startAt":1788391842951,"status":"passed","title":"bloquea el guardado cuando está activo en modo específico sin ningún día seleccionado"},{"ancestorTitles":["NotificacionesPage"],"duration":79,"failing":false,"failureDetails":[],"failureMessages":[],"fullName":"NotificacionesPage guarda exitosamente y muestra un toast de éxito","invocations":1,"location":null,"numPassingAsserts":3,"retryReasons":[],"startAt":1788391843046,"status":"passed","title":"guarda exitosamente y muestra un toast de éxito"},{"ancestorTitles":["NotificacionesPage"],"duration":76,"failing":false,"failureDetails":[],"failureMessages":[],"fullName":"NotificacionesPage muestra un toast de error cuando falla el guardado","invocations":1,"location":null,"numPassingAsserts":1,"retryReasons":[],"startAt":1788391843125,"status":"passed","title":"muestra un toast de error cuando falla el guardado"}],"endTime":1788391843204,"message":"","name":"C:\\Repos\\cam-sanjuanpablosegundo\\app\\(main)\\notificaciones\\page.test.tsx","startTime":1788391841913,"status":"passed","summary":""},{"assertionResults":[{"ancestorTitles":["ErrorState Component"],"duration":4,"failing":false,"failureDetails":[],"failureMessages":[],"fullName":"ErrorState Component debe renderizar el título correctamente","invocations":1,"location":null,"numPassingAsserts":1,"retryReasons":[],"startAt":1788391843343,"status":"passed","title":"debe renderizar el título correctamente"},{"ancestorTitles":["ErrorState Component"],"duration":2,"failing":false,"failureDetails":[],"failureMessages":[],"fullName":"ErrorState Component debe renderizar el icono por defecto cuando no se proporciona uno","invocations":1,"location":null,"numPassingAsserts":1,"retryReasons":[],"startAt":1788391843348,"status":"passed","title":"debe renderizar el icono por defecto cuando no se proporciona uno"},{"ancestorTitles":["ErrorState Component"],"duration":2,"failing":false,"failureDetails":[],"failureMessages":[],"fullName":"ErrorState Component debe renderizar un icono personalizado cuando se proporciona","invocations":1,"location":null,"numPassingAsserts":1,"retryReasons":[],"startAt":1788391843350,"status":"passed","title":"debe renderizar un icono personalizado cuando se proporciona"},{"ancestorTitles":["ErrorState Component"],"duration":2,"failing":false,"failureDetails":[],"failureMessages":[],"fullName":"ErrorState Component debe renderizar la descripción cuando se proporciona","invocations":1,"location":null,"numPassingAsserts":1,"retryReasons":[],"startAt":1788391843352,"status":"passed","title":"debe renderizar la descripción cuando se proporciona"},{"ancestorTitles":["ErrorState Component"],"duration":3,"failing":false,"failureDetails":[],"failureMessages":[],"fullName":"ErrorState Component no debe renderizar la descripción cuando no se proporciona","invocations":1,"location":null,"numPassingAsserts":1,"retryReasons":[],"startAt":1788391843354,"status":"passed","title":"no debe renderizar la descripción cuando no se proporciona"},{"ancestorTitles":["ErrorState Component"],"duration":3,"failing":false,"failureDetails":[],"failureMessages":[],"fullName":"ErrorState Component debe renderizar el botón de acción cuando se proporcionan actionLabel y onAction","invocations":1,"location":null,"numPassingAsserts":1,"retryReasons":[],"startAt":1788391843357,"status":"passed","title":"debe renderizar el botón de acción cuando se proporcionan actionLabel y onAction"},{"ancestorTitles":["ErrorState Component"],"duration":3,"failing":false,"failureDetails":[],"failureMessages":[],"fullName":"ErrorState Component debe llamar a onAction cuando se hace clic en el botón","invocations":1,"location":null,"numPassingAsserts":1,"retryReasons":[],"startAt":1788391843360,"status":"passed","title":"debe llamar a onAction cuando se hace clic en el botón"},{"ancestorTitles":["ErrorState Component"],"duration":2,"failing":false,"failureDetails":[],"failureMessages":[],"fullName":"ErrorState Component no debe renderizar el botón cuando falta actionLabel","invocations":1,"location":null,"numPassingAsserts":1,"retryReasons":[],"startAt":1788391843363,"status":"passed","title":"no debe renderizar el botón cuando falta actionLabel"},{"ancestorTitles":["ErrorState Component"],"duration":9,"failing":false,"failureDetails":[],"failureMessages":[],"fullName":"ErrorState Component no debe renderizar el botón cuando falta onAction","invocations":1,"location":null,"numPassingAsserts":1,"retryReasons":[],"startAt":1788391843365,"status":"passed","title":"no debe renderizar el botón cuando falta onAction"},{"ancestorTitles":["ErrorState Component"],"duration":9,"failing":false,"failureDetails":[],"failureMessages":[],"fullName":"ErrorState Component debe aplicar estilos correctamente","invocations":1,"location":null,"numPassingAsserts":1,"retryReasons":[],"startAt":1788391843374,"status":"passed","title":"debe aplicar estilos correctamente"}],"endTime":1788391843383,"message":"","name":"C:\\Repos\\cam-sanjuanpablosegundo\\app\\(main)\\components\\ErrorState.test.tsx","startTime":1788391843222,"status":"passed","summary":""},{"assertionResults":[{"ancestorTitles":["/api/configuracion-notificaciones","GET"],"duration":2,"failing":false,"failureDetails":[],"failureMessages":[],"fullName":"/api/configuracion-notificaciones GET debe retornar 401 si no hay sesión","invocations":1,"location":null,"numPassingAsserts":3,"retryReasons":[],"startAt":1788391843516,"status":"passed","title":"debe retornar 401 si no hay sesión"},{"ancestorTitles":["/api/configuracion-notificaciones","GET"],"duration":1,"failing":false,"failureDetails":[],"failureMessages":[],"fullName":"/api/configuracion-notificaciones GET debe retornar la configuración de notificaciones cuando hay sesión","invocations":1,"location":null,"numPassingAsserts":3,"retryReasons":[],"startAt":1788391843518,"status":"passed","title":"debe retornar la configuración de notificaciones cuando hay sesión"},{"ancestorTitles":["/api/configuracion-notificaciones","GET"],"duration":0,"failing":false,"failureDetails":[],"failureMessages":[],"fullName":"/api/configuracion-notificaciones GET debe retornar 500 si falla la consulta a Supabase","invocations":1,"location":null,"numPassingAsserts":3,"retryReasons":[],"startAt":1788391843519,"status":"passed","title":"debe retornar 500 si falla la consulta a Supabase"},{"ancestorTitles":["/api/configuracion-notificaciones","PUT"],"duration":1,"failing":false,"failureDetails":[],"failureMessages":[],"fullName":"/api/configuracion-notificaciones PUT debe retornar 403 si el usuario no es administrador","invocations":1,"location":null,"numPassingAsserts":3,"retryReasons":[],"startAt":1788391843519,"status":"passed","title":"debe retornar 403 si el usuario no es administrador"},{"ancestorTitles":["/api/configuracion-notificaciones","PUT"],"duration":1,"failing":false,"failureDetails":[],"failureMessages":[],"fullName":"/api/configuracion-notificaciones PUT debe permitir apagar las notificaciones guardando activo en false","invocations":1,"location":null,"numPassingAsserts":3,"retryReasons":[],"startAt":1788391843520,"status":"passed","title":"debe permitir apagar las notificaciones guardando activo en false"},{"ancestorTitles":["/api/configuracion-notificaciones","PUT"],"duration":1,"failing":false,"failureDetails":[],"failureMessages":[],"fullName":"/api/configuracion-notificaciones PUT debe retornar 400 si el correo destino es inválido","invocations":1,"location":null,"numPassingAsserts":3,"retryReasons":[],"startAt":1788391843521,"status":"passed","title":"debe retornar 400 si el correo destino es inválido"},{"ancestorTitles":["/api/configuracion-notificaciones","PUT"],"duration":0,"failing":false,"failureDetails":[],"failureMessages":[],"fullName":"/api/configuracion-notificaciones PUT debe retornar 400 si falta el campo activo","invocations":1,"location":null,"numPassingAsserts":3,"retryReasons":[],"startAt":1788391843522,"status":"passed","title":"debe retornar 400 si falta el campo activo"},{"ancestorTitles":["/api/configuracion-notificaciones","PUT"],"duration":1,"failing":false,"failureDetails":[],"failureMessages":[],"fullName":"/api/configuracion-notificaciones PUT debe retornar 400 si falta un campo de día de la semana","invocations":1,"location":null,"numPassingAsserts":3,"retryReasons":[],"startAt":1788391843522,"status":"passed","title":"debe retornar 400 si falta un campo de día de la semana"},{"ancestorTitles":["/api/configuracion-notificaciones","PUT"],"duration":0,"failing":false,"failureDetails":[],"failureMessages":[],"fullName":"/api/configuracion-notificaciones PUT debe retornar 500 si falla la actualización en Supabase","invocations":1,"location":null,"numPassingAsserts":3,"retryReasons":[],"startAt":1788391843523,"status":"passed","title":"debe retornar 500 si falla la actualización en Supabase"}],"endTime":1788391843524,"message":"","name":"C:\\Repos\\cam-sanjuanpablosegundo\\app\\api\\configuracion-notificaciones\\route.test.ts","startTime":1788391843392,"status":"passed","summary":""},{"assertionResults":[{"ancestorTitles":["/api/emails/reporte-medicamentos"],"duration":1,"failing":false,"failureDetails":[],"failureMessages":[],"fullName":"/api/emails/reporte-medicamentos debe retornar 401 si el token del cron es inválido","invocations":1,"location":null,"numPassingAsserts":2,"retryReasons":[],"startAt":1788391843648,"status":"passed","title":"debe retornar 401 si el token del cron es inválido"},{"ancestorTitles":["/api/emails/reporte-medicamentos"],"duration":1,"failing":false,"failureDetails":[],"failureMessages":[],"fullName":"/api/emails/reporte-medicamentos debe omitir el envío cuando las notificaciones están desactivadas","invocations":1,"location":null,"numPassingAsserts":4,"retryReasons":[],"startAt":1788391843649,"status":"passed","title":"debe omitir el envío cuando las notificaciones están desactivadas"},{"ancestorTitles":["/api/emails/reporte-medicamentos"],"duration":1,"failing":false,"failureDetails":[],"failureMessages":[],"fullName":"/api/emails/reporte-medicamentos debe omitir el envío cuando no se encuentra la configuración de notificaciones","invocations":1,"location":null,"numPassingAsserts":4,"retryReasons":[],"startAt":1788391843650,"status":"passed","title":"debe omitir el envío cuando no se encuentra la configuración de notificaciones"},{"ancestorTitles":["/api/emails/reporte-medicamentos"],"duration":0,"failing":false,"failureDetails":[],"failureMessages":[],"fullName":"/api/emails/reporte-medicamentos debe retornar 500 si falla la consulta de configuración","invocations":1,"location":null,"numPassingAsserts":3,"retryReasons":[],"startAt":1788391843651,"status":"passed","title":"debe retornar 500 si falla la consulta de configuración"},{"ancestorTitles":["/api/emails/reporte-medicamentos"],"duration":1,"failing":false,"failureDetails":[],"failureMessages":[],"fullName":"/api/emails/reporte-medicamentos debe omitir el envío cuando hoy no corresponde según los días configurados","invocations":1,"location":null,"numPassingAsserts":4,"retryReasons":[],"startAt":1788391843651,"status":"passed","title":"debe omitir el envío cuando hoy no corresponde según los días configurados"},{"ancestorTitles":["/api/emails/reporte-medicamentos"],"duration":1,"failing":false,"failureDetails":[],"failureMessages":[],"fullName":"/api/emails/reporte-medicamentos debe omitir el envío cuando falta el correo destino","invocations":1,"location":null,"numPassingAsserts":4,"retryReasons":[],"startAt":1788391843652,"status":"passed","title":"debe omitir el envío cuando falta el correo destino"},{"ancestorTitles":["/api/emails/reporte-medicamentos"],"duration":0,"failing":false,"failureDetails":[],"failureMessages":[],"fullName":"/api/emails/reporte-medicamentos debe retornar 500 si falla la consulta de pacientes","invocations":1,"location":null,"numPassingAsserts":3,"retryReasons":[],"startAt":1788391843653,"status":"passed","title":"debe retornar 500 si falla la consulta de pacientes"},{"ancestorTitles":["/api/emails/reporte-medicamentos"],"duration":1,"failing":false,"failureDetails":[],"failureMessages":[],"fullName":"/api/emails/reporte-medicamentos debe omitir el envío cuando ningún paciente tiene medicamentos programados hoy","invocations":1,"location":null,"numPassingAsserts":4,"retryReasons":[],"startAt":1788391843653,"status":"passed","title":"debe omitir el envío cuando ningún paciente tiene medicamentos programados hoy"},{"ancestorTitles":["/api/emails/reporte-medicamentos"],"duration":1,"failing":false,"failureDetails":[],"failureMessages":[],"fullName":"/api/emails/reporte-medicamentos debe enviar el correo con el detalle de medicamentos cuando todo es correcto","invocations":1,"location":null,"numPassingAsserts":9,"retryReasons":[],"startAt":1788391843654,"status":"passed","title":"debe enviar el correo con el detalle de medicamentos cuando todo es correcto"},{"ancestorTitles":["/api/emails/reporte-medicamentos"],"duration":0,"failing":false,"failureDetails":[],"failureMessages":[],"fullName":"/api/emails/reporte-medicamentos debe retornar 500 cuando ocurre un error inesperado","invocations":1,"location":null,"numPassingAsserts":2,"retryReasons":[],"startAt":1788391843656,"status":"passed","title":"debe retornar 500 cuando ocurre un error inesperado"}],"endTime":1788391843656,"message":"","name":"C:\\Repos\\cam-sanjuanpablosegundo\\app\\api\\emails\\reporte-medicamentos\\route.test.ts","startTime":1788391843533,"status":"passed","summary":""},{"assertionResults":[{"ancestorTitles":["/api/medicamentos","GET"],"duration":2,"failing":false,"failureDetails":[],"failureMessages":[],"fullName":"/api/medicamentos GET debe retornar 401 si no hay sesión","invocations":1,"location":null,"numPassingAsserts":3,"retryReasons":[],"startAt":1788391843778,"status":"passed","title":"debe retornar 401 si no hay sesión"},{"ancestorTitles":["/api/medicamentos","GET"],"duration":0,"failing":false,"failureDetails":[],"failureMessages":[],"fullName":"/api/medicamentos GET debe retornar adultos y prescripciones exitosamente","invocations":1,"location":null,"numPassingAsserts":3,"retryReasons":[],"startAt":1788391843780,"status":"passed","title":"debe retornar adultos y prescripciones exitosamente"},{"ancestorTitles":["/api/medicamentos","GET"],"duration":0,"failing":false,"failureDetails":[],"failureMessages":[],"fullName":"/api/medicamentos GET debe manejar error de consulta de adultos","invocations":1,"location":null,"numPassingAsserts":3,"retryReasons":[],"startAt":1788391843781,"status":"passed","title":"debe manejar error de consulta de adultos"},{"ancestorTitles":["/api/medicamentos","GET"],"duration":0,"failing":false,"failureDetails":[],"failureMessages":[],"fullName":"/api/medicamentos GET debe manejar error de consulta de prescripciones","invocations":1,"location":null,"numPassingAsserts":1,"retryReasons":[],"startAt":1788391843781,"status":"passed","title":"debe manejar error de consulta de prescripciones"},{"ancestorTitles":["/api/medicamentos","POST"],"duration":1,"failing":false,"failureDetails":[],"failureMessages":[],"fullName":"/api/medicamentos POST debe retornar 401 si no hay sesión","invocations":1,"location":null,"numPassingAsserts":3,"retryReasons":[],"startAt":1788391843781,"status":"passed","title":"debe retornar 401 si no hay sesión"},{"ancestorTitles":["/api/medicamentos","POST"],"duration":1,"failing":false,"failureDetails":[],"failureMessages":[],"fullName":"/api/medicamentos POST debe retornar 400 si falta el id_adulto_mayor","invocations":1,"location":null,"numPassingAsserts":3,"retryReasons":[],"startAt":1788391843782,"status":"passed","title":"debe retornar 400 si falta el id_adulto_mayor"},{"ancestorTitles":["/api/medicamentos","POST"],"duration":1,"failing":false,"failureDetails":[],"failureMessages":[],"fullName":"/api/medicamentos POST debe retornar 400 si id_adulto_mayor no es un número válido","invocations":1,"location":null,"numPassingAsserts":3,"retryReasons":[],"startAt":1788391843783,"status":"passed","title":"debe retornar 400 si id_adulto_mayor no es un número válido"},{"ancestorTitles":["/api/medicamentos","POST"],"duration":0,"failing":false,"failureDetails":[],"failureMessages":[],"fullName":"/api/medicamentos POST debe retornar 400 si falta el nombre del medicamento","invocations":1,"location":null,"numPassingAsserts":3,"retryReasons":[],"startAt":1788391843784,"status":"passed","title":"debe retornar 400 si falta el nombre del medicamento"},{"ancestorTitles":["/api/medicamentos","POST"],"duration":1,"failing":false,"failureDetails":[],"failureMessages":[],"fullName":"/api/medicamentos POST debe crear prescripción exitosamente","invocations":1,"location":null,"numPassingAsserts":3,"retryReasons":[],"startAt":1788391843784,"status":"passed","title":"debe crear prescripción exitosamente"},{"ancestorTitles":["/api/medicamentos","POST"],"duration":0,"failing":false,"failureDetails":[],"failureMessages":[],"fullName":"/api/medicamentos POST debe establecer valores por defecto para horarios no especificados","invocations":1,"location":null,"numPassingAsserts":1,"retryReasons":[],"startAt":1788391843785,"status":"passed","title":"debe establecer valores por defecto para horarios no especificados"},{"ancestorTitles":["/api/medicamentos","POST"],"duration":0,"failing":false,"failureDetails":[],"failureMessages":[],"fullName":"/api/medicamentos POST debe normalizar espacios en nombre del medicamento","invocations":1,"location":null,"numPassingAsserts":1,"retryReasons":[],"startAt":1788391843785,"status":"passed","title":"debe normalizar espacios en nombre del medicamento"},{"ancestorTitles":["/api/medicamentos","POST"],"duration":0,"failing":false,"failureDetails":[],"failureMessages":[],"fullName":"/api/medicamentos POST debe manejar error de inserción","invocations":1,"location":null,"numPassingAsserts":3,"retryReasons":[],"startAt":1788391843786,"status":"passed","title":"debe manejar error de inserción"}],"endTime":1788391843787,"message":"","name":"C:\\Repos\\cam-sanjuanpablosegundo\\app\\api\\medicamentos\\route.test.ts","startTime":1788391843673,"status":"passed","summary":""},{"assertionResults":[{"ancestorTitles":["/api/auth/login","POST"],"duration":1,"failing":false,"failureDetails":[],"failureMessages":[],"fullName":"/api/auth/login POST debe retornar 400 si falta el email","invocations":1,"location":null,"numPassingAsserts":3,"retryReasons":[],"startAt":1788391843903,"status":"passed","title":"debe retornar 400 si falta el email"},{"ancestorTitles":["/api/auth/login","POST"],"duration":0,"failing":false,"failureDetails":[],"failureMessages":[],"fullName":"/api/auth/login POST debe retornar 400 si falta la contraseña","invocations":1,"location":null,"numPassingAsserts":3,"retryReasons":[],"startAt":1788391843905,"status":"passed","title":"debe retornar 400 si falta la contraseña"},{"ancestorTitles":["/api/auth/login","POST"],"duration":0,"failing":false,"failureDetails":[],"failureMessages":[],"fullName":"/api/auth/login POST debe retornar 401 si el usuario no existe","invocations":1,"location":null,"numPassingAsserts":3,"retryReasons":[],"startAt":1788391843905,"status":"passed","title":"debe retornar 401 si el usuario no existe"},{"ancestorTitles":["/api/auth/login","POST"],"duration":1,"failing":false,"failureDetails":[],"failureMessages":[],"fullName":"/api/auth/login POST debe retornar 401 si la contraseña es incorrecta","invocations":1,"location":null,"numPassingAsserts":3,"retryReasons":[],"startAt":1788391843905,"status":"passed","title":"debe retornar 401 si la contraseña es incorrecta"},{"ancestorTitles":["/api/auth/login","POST"],"duration":1,"failing":false,"failureDetails":[],"failureMessages":[],"fullName":"/api/auth/login POST debe autenticar exitosamente con credenciales correctas","invocations":1,"location":null,"numPassingAsserts":5,"retryReasons":[],"startAt":1788391843906,"status":"passed","title":"debe autenticar exitosamente con credenciales correctas"},{"ancestorTitles":["/api/auth/login","POST"],"duration":1,"failing":false,"failureDetails":[],"failureMessages":[],"fullName":"/api/auth/login POST debe actualizar el último acceso al hacer login","invocations":1,"location":null,"numPassingAsserts":2,"retryReasons":[],"startAt":1788391843907,"status":"passed","title":"debe actualizar el último acceso al hacer login"},{"ancestorTitles":["/api/auth/login","POST"],"duration":1,"failing":false,"failureDetails":[],"failureMessages":[],"fullName":"/api/auth/login POST debe establecer cookie de sesión al hacer login exitoso","invocations":1,"location":null,"numPassingAsserts":3,"retryReasons":[],"startAt":1788391843908,"status":"passed","title":"debe establecer cookie de sesión al hacer login exitoso"},{"ancestorTitles":["/api/auth/login","POST"],"duration":0,"failing":false,"failureDetails":[],"failureMessages":[],"fullName":"/api/auth/login POST debe manejar error de base de datos al buscar usuario","invocations":1,"location":null,"numPassingAsserts":3,"retryReasons":[],"startAt":1788391843909,"status":"passed","title":"debe manejar error de base de datos al buscar usuario"},{"ancestorTitles":["/api/auth/login","POST"],"duration":1,"failing":false,"failureDetails":[],"failureMessages":[],"fullName":"/api/auth/login POST debe manejar excepción no esperada","invocations":1,"location":null,"numPassingAsserts":3,"retryReasons":[],"startAt":1788391843909,"status":"passed","title":"debe manejar excepción no esperada"}],"endTime":1788391843910,"message":"","name":"C:\\Repos\\cam-sanjuanpablosegundo\\app\\api\\auth\\login\\route.test.ts","startTime":1788391843795,"status":"passed","summary":""},{"assertionResults":[{"ancestorTitles":["/api/adultos","GET"],"duration":1,"failing":false,"failureDetails":[],"failureMessages":[],"fullName":"/api/adultos GET debe retornar 401 si no hay sesión","invocations":1,"location":null,"numPassingAsserts":3,"retryReasons":[],"startAt":1788391844030,"status":"passed","title":"debe retornar 401 si no hay sesión"},{"ancestorTitles":["/api/adultos","GET"],"duration":0,"failing":false,"failureDetails":[],"failureMessages":[],"fullName":"/api/adultos GET debe retornar lista de adultos mayores con historial","invocations":1,"location":null,"numPassingAsserts":4,"retryReasons":[],"startAt":1788391844032,"status":"passed","title":"debe retornar lista de adultos mayores con historial"},{"ancestorTitles":["/api/adultos","GET"],"duration":1,"failing":false,"failureDetails":[],"failureMessages":[],"fullName":"/api/adultos GET debe manejar error de consulta de adultos","invocations":1,"location":null,"numPassingAsserts":2,"retryReasons":[],"startAt":1788391844032,"status":"passed","title":"debe manejar error de consulta de adultos"},{"ancestorTitles":["/api/adultos","GET"],"duration":1,"failing":false,"failureDetails":[],"failureMessages":[],"fullName":"/api/adultos GET debe agrupar historial correctamente por adulto mayor","invocations":1,"location":null,"numPassingAsserts":2,"retryReasons":[],"startAt":1788391844033,"status":"passed","title":"debe agrupar historial correctamente por adulto mayor"},{"ancestorTitles":["/api/adultos","POST"],"duration":0,"failing":false,"failureDetails":[],"failureMessages":[],"fullName":"/api/adultos POST debe retornar 401 si no hay sesión","invocations":1,"location":null,"numPassingAsserts":3,"retryReasons":[],"startAt":1788391844034,"status":"passed","title":"debe retornar 401 si no hay sesión"},{"ancestorTitles":["/api/adultos","POST"],"duration":1,"failing":false,"failureDetails":[],"failureMessages":[],"fullName":"/api/adultos POST debe crear un adulto mayor exitosamente","invocations":1,"location":null,"numPassingAsserts":4,"retryReasons":[],"startAt":1788391844034,"status":"passed","title":"debe crear un adulto mayor exitosamente"},{"ancestorTitles":["/api/adultos","POST"],"duration":0,"failing":false,"failureDetails":[],"failureMessages":[],"fullName":"/api/adultos POST debe manejar campos opcionales correctamente","invocations":1,"location":null,"numPassingAsserts":1,"retryReasons":[],"startAt":1788391844035,"status":"passed","title":"debe manejar campos opcionales correctamente"},{"ancestorTitles":["/api/adultos","POST"],"duration":1,"failing":false,"failureDetails":[],"failureMessages":[],"fullName":"/api/adultos POST debe manejar error de inserción","invocations":1,"location":null,"numPassingAsserts":2,"retryReasons":[],"startAt":1788391844035,"status":"passed","title":"debe manejar error de inserción"}],"endTime":1788391844036,"message":"","name":"C:\\Repos\\cam-sanjuanpablosegundo\\app\\api\\adultos\\route.test.ts","startTime":1788391843926,"status":"passed","summary":""},{"assertionResults":[{"ancestorTitles":["useEscapeKey Hook"],"duration":3,"failing":false,"failureDetails":[],"failureMessages":[],"fullName":"useEscapeKey Hook debe llamar a onEscape cuando se presiona la tecla Escape y está activo","invocations":1,"location":null,"numPassingAsserts":1,"retryReasons":[],"startAt":1788391844136,"status":"passed","title":"debe llamar a onEscape cuando se presiona la tecla Escape y está activo"},{"ancestorTitles":["useEscapeKey Hook"],"duration":1,"failing":false,"failureDetails":[],"failureMessages":[],"fullName":"useEscapeKey Hook no debe llamar a onEscape cuando se presiona la tecla Escape pero no está activo","invocations":1,"location":null,"numPassingAsserts":1,"retryReasons":[],"startAt":1788391844139,"status":"passed","title":"no debe llamar a onEscape cuando se presiona la tecla Escape pero no está activo"},{"ancestorTitles":["useEscapeKey Hook"],"duration":1,"failing":false,"failureDetails":[],"failureMessages":[],"fullName":"useEscapeKey Hook no debe llamar a onEscape cuando se presiona otra tecla","invocations":1,"location":null,"numPassingAsserts":1,"retryReasons":[],"startAt":1788391844140,"status":"passed","title":"no debe llamar a onEscape cuando se presiona otra tecla"},{"ancestorTitles":["useEscapeKey Hook"],"duration":1,"failing":false,"failureDetails":[],"failureMessages":[],"fullName":"useEscapeKey Hook debe limpiar el event listener al desmontar","invocations":1,"location":null,"numPassingAsserts":1,"retryReasons":[],"startAt":1788391844141,"status":"passed","title":"debe limpiar el event listener al desmontar"},{"ancestorTitles":["useEscapeKey Hook"],"duration":2,"failing":false,"failureDetails":[],"failureMessages":[],"fullName":"useEscapeKey Hook debe actualizar el listener cuando cambia onEscape","invocations":1,"location":null,"numPassingAsserts":4,"retryReasons":[],"startAt":1788391844142,"status":"passed","title":"debe actualizar el listener cuando cambia onEscape"},{"ancestorTitles":["useEscapeKey Hook"],"duration":1,"failing":false,"failureDetails":[],"failureMessages":[],"fullName":"useEscapeKey Hook debe actualizar el listener cuando cambia el estado activo","invocations":1,"location":null,"numPassingAsserts":2,"retryReasons":[],"startAt":1788391844144,"status":"passed","title":"debe actualizar el listener cuando cambia el estado activo"}],"endTime":1788391844145,"message":"","name":"C:\\Repos\\cam-sanjuanpablosegundo\\app\\(main)\\components\\useEscapeKey.test.ts","startTime":1788391844044,"status":"passed","summary":""},{"assertionResults":[{"ancestorTitles":["lib/fecha","obtenerFechaCR"],"duration":16,"failing":false,"failureDetails":[],"failureMessages":[],"fullName":"lib/fecha obtenerFechaCR debe devolver la fecha en formato YYYY-MM-DD según la zona horaria de Costa Rica","invocations":1,"location":null,"numPassingAsserts":1,"retryReasons":[],"startAt":1788391844245,"status":"passed","title":"debe devolver la fecha en formato YYYY-MM-DD según la zona horaria de Costa Rica"},{"ancestorTitles":["lib/fecha","obtenerDiaSemanaCR"],"duration":12,"failing":false,"failureDetails":[],"failureMessages":[],"fullName":"lib/fecha obtenerDiaSemanaCR debe mapear correctamente cada día de la semana","invocations":1,"location":null,"numPassingAsserts":7,"retryReasons":[],"startAt":1788391844261,"status":"passed","title":"debe mapear correctamente cada día de la semana"},{"ancestorTitles":["lib/fecha","obtenerDiaSemanaHoyCR"],"duration":2,"failing":false,"failureDetails":[],"failureMessages":[],"fullName":"lib/fecha obtenerDiaSemanaHoyCR debe devolver el día de la semana de hoy según Costa Rica","invocations":1,"location":null,"numPassingAsserts":1,"retryReasons":[],"startAt":1788391844273,"status":"passed","title":"debe devolver el día de la semana de hoy según Costa Rica"},{"ancestorTitles":["lib/fecha","formatearFechaLarga"],"duration":1,"failing":false,"failureDetails":[],"failureMessages":[],"fullName":"lib/fecha formatearFechaLarga debe formatear la fecha en español, con el día de la semana en minúscula","invocations":1,"location":null,"numPassingAsserts":1,"retryReasons":[],"startAt":1788391844275,"status":"passed","title":"debe formatear la fecha en español, con el día de la semana en minúscula"},{"ancestorTitles":["lib/fecha","obtenerMomentoActualCR"],"duration":1,"failing":false,"failureDetails":[],"failureMessages":[],"fullName":"lib/fecha obtenerMomentoActualCR debe devolver \"ayunas\" a las 5:00 a.m.","invocations":1,"location":null,"numPassingAsserts":1,"retryReasons":[],"startAt":1788391844276,"status":"passed","title":"debe devolver \"ayunas\" a las 5:00 a.m."},{"ancestorTitles":["lib/fecha","obtenerMomentoActualCR"],"duration":1,"failing":false,"failureDetails":[],"failureMessages":[],"fullName":"lib/fecha obtenerMomentoActualCR debe devolver \"almuerzo\" a las 11:30 a.m.","invocations":1,"location":null,"numPassingAsserts":1,"retryReasons":[],"startAt":1788391844277,"status":"passed","title":"debe devolver \"almuerzo\" a las 11:30 a.m."},{"ancestorTitles":["lib/fecha","obtenerMomentoActualCR"],"duration":0,"failing":false,"failureDetails":[],"failureMessages":[],"fullName":"lib/fecha obtenerMomentoActualCR debe devolver \"acostarse\" a las 8:00 p.m.","invocations":1,"location":null,"numPassingAsserts":1,"retryReasons":[],"startAt":1788391844278,"status":"passed","title":"debe devolver \"acostarse\" a las 8:00 p.m."},{"ancestorTitles":["lib/fecha","obtenerMomentoActualCR"],"duration":0,"failing":false,"failureDetails":[],"failureMessages":[],"fullName":"lib/fecha obtenerMomentoActualCR debe devolver null en la madrugada, antes de que empiece \"ayunas\"","invocations":1,"location":null,"numPassingAsserts":1,"retryReasons":[],"startAt":1788391844278,"status":"passed","title":"debe devolver null en la madrugada, antes de que empiece \"ayunas\""},{"ancestorTitles":["lib/fecha","formatearHoraCR"],"duration":0,"failing":false,"failureDetails":[],"failureMessages":[],"fullName":"lib/fecha formatearHoraCR debe formatear la hora en formato corto de Costa Rica","invocations":1,"location":null,"numPassingAsserts":1,"retryReasons":[],"startAt":1788391844279,"status":"passed","title":"debe formatear la hora en formato corto de Costa Rica"},{"ancestorTitles":["lib/fecha","calcularEdad"],"duration":0,"failing":false,"failureDetails":[],"failureMessages":[],"fullName":"lib/fecha calcularEdad debe calcular la edad cuando ya pasó el cumpleaños este año","invocations":1,"location":null,"numPassingAsserts":1,"retryReasons":[],"startAt":1788391844279,"status":"passed","title":"debe calcular la edad cuando ya pasó el cumpleaños este año"},{"ancestorTitles":["lib/fecha","calcularEdad"],"duration":0,"failing":false,"failureDetails":[],"failureMessages":[],"fullName":"lib/fecha calcularEdad debe calcular la edad cuando todavía no llega el cumpleaños este año","invocations":1,"location":null,"numPassingAsserts":1,"retryReasons":[],"startAt":1788391844279,"status":"passed","title":"debe calcular la edad cuando todavía no llega el cumpleaños este año"},{"ancestorTitles":["lib/fecha","calcularEdad"],"duration":0,"failing":false,"failureDetails":[],"failureMessages":[],"fullName":"lib/fecha calcularEdad debe restar un año si el cumpleaños es más adelante en el mes actual","invocations":1,"location":null,"numPassingAsserts":1,"retryReasons":[],"startAt":1788391844280,"status":"passed","title":"debe restar un año si el cumpleaños es más adelante en el mes actual"},{"ancestorTitles":["lib/fecha","calcularEdad"],"duration":0,"failing":false,"failureDetails":[],"failureMessages":[],"fullName":"lib/fecha calcularEdad debe sumar la edad correcta el mismo día del cumpleaños","invocations":1,"location":null,"numPassingAsserts":1,"retryReasons":[],"startAt":1788391844280,"status":"passed","title":"debe sumar la edad correcta el mismo día del cumpleaños"}],"endTime":1788391844280,"message":"","name":"C:\\Repos\\cam-sanjuanpablosegundo\\lib\\fecha.test.ts","startTime":1788391844153,"status":"passed","summary":""},{"assertionResults":[{"ancestorTitles":["auth utilities","getSession"],"duration":1,"failing":false,"failureDetails":[],"failureMessages":[],"fullName":"auth utilities getSession debe retornar null si no existe la cookie de sesión","invocations":1,"location":null,"numPassingAsserts":1,"retryReasons":[],"startAt":1788391844371,"status":"passed","title":"debe retornar null si no existe la cookie de sesión"},{"ancestorTitles":["auth utilities","getSession"],"duration":1,"failing":false,"failureDetails":[],"failureMessages":[],"fullName":"auth utilities getSession debe retornar la sesión parseada cuando la cookie es válida","invocations":1,"location":null,"numPassingAsserts":1,"retryReasons":[],"startAt":1788391844372,"status":"passed","title":"debe retornar la sesión parseada cuando la cookie es válida"},{"ancestorTitles":["auth utilities","getSession"],"duration":0,"failing":false,"failureDetails":[],"failureMessages":[],"fullName":"auth utilities getSession debe retornar null si la cookie no contiene JSON válido","invocations":1,"location":null,"numPassingAsserts":1,"retryReasons":[],"startAt":1788391844373,"status":"passed","title":"debe retornar null si la cookie no contiene JSON válido"},{"ancestorTitles":["auth utilities","getSession"],"duration":0,"failing":false,"failureDetails":[],"failureMessages":[],"fullName":"auth utilities getSession debe manejar cookies con JSON malformado","invocations":1,"location":null,"numPassingAsserts":1,"retryReasons":[],"startAt":1788391844373,"status":"passed","title":"debe manejar cookies con JSON malformado"},{"ancestorTitles":["auth utilities","requireAuth"],"duration":0,"failing":false,"failureDetails":[],"failureMessages":[],"fullName":"auth utilities requireAuth debe retornar la sesión si existe","invocations":1,"location":null,"numPassingAsserts":1,"retryReasons":[],"startAt":1788391844374,"status":"passed","title":"debe retornar la sesión si existe"},{"ancestorTitles":["auth utilities","requireAuth"],"duration":5,"failing":false,"failureDetails":[],"failureMessages":[],"fullName":"auth utilities requireAuth debe lanzar un error si no existe la sesión","invocations":1,"location":null,"numPassingAsserts":1,"retryReasons":[],"startAt":1788391844374,"status":"passed","title":"debe lanzar un error si no existe la sesión"},{"ancestorTitles":["auth utilities","requireAuth"],"duration":0,"failing":false,"failureDetails":[],"failureMessages":[],"fullName":"auth utilities requireAuth debe lanzar un error si la cookie es inválida","invocations":1,"location":null,"numPassingAsserts":1,"retryReasons":[],"startAt":1788391844379,"status":"passed","title":"debe lanzar un error si la cookie es inválida"}],"endTime":1788391844380,"message":"","name":"C:\\Repos\\cam-sanjuanpablosegundo\\lib\\auth.test.ts","startTime":1788391844289,"status":"passed","summary":""},{"assertionResults":[{"ancestorTitles":["Database Access Functions","executeSupabaseQuery"],"duration":1,"failing":false,"failureDetails":[],"failureMessages":[],"fullName":"Database Access Functions executeSupabaseQuery debe ejecutar una query exitosamente","invocations":1,"location":null,"numPassingAsserts":2,"retryReasons":[],"startAt":1788391844489,"status":"passed","title":"debe ejecutar una query exitosamente"},{"ancestorTitles":["Database Access Functions","executeSupabaseQuery"],"duration":0,"failing":false,"failureDetails":[],"failureMessages":[],"fullName":"Database Access Functions executeSupabaseQuery debe pasar parámetros correctamente","invocations":1,"location":null,"numPassingAsserts":1,"retryReasons":[],"startAt":1788391844490,"status":"passed","title":"debe pasar parámetros correctamente"},{"ancestorTitles":["Database Access Functions","executeSupabaseQuery"],"duration":8,"failing":false,"failureDetails":[],"failureMessages":[],"fullName":"Database Access Functions executeSupabaseQuery debe lanzar error cuando la query falla","invocations":1,"location":null,"numPassingAsserts":1,"retryReasons":[],"startAt":1788391844490,"status":"passed","title":"debe lanzar error cuando la query falla"},{"ancestorTitles":["Database Access Functions","getFromTable"],"duration":1,"failing":false,"failureDetails":[],"failureMessages":[],"fullName":"Database Access Functions getFromTable debe obtener todos los registros sin opciones","invocations":1,"location":null,"numPassingAsserts":3,"retryReasons":[],"startAt":1788391844498,"status":"passed","title":"debe obtener todos los registros sin opciones"},{"ancestorTitles":["Database Access Functions","getFromTable"],"duration":1,"failing":false,"failureDetails":[],"failureMessages":[],"fullName":"Database Access Functions getFromTable debe aplicar filtros correctamente","invocations":1,"location":null,"numPassingAsserts":3,"retryReasons":[],"startAt":1788391844499,"status":"passed","title":"debe aplicar filtros correctamente"},{"ancestorTitles":["Database Access Functions","getFromTable"],"duration":0,"failing":false,"failureDetails":[],"failureMessages":[],"fullName":"Database Access Functions getFromTable debe aplicar orden correctamente","invocations":1,"location":null,"numPassingAsserts":2,"retryReasons":[],"startAt":1788391844500,"status":"passed","title":"debe aplicar orden correctamente"},{"ancestorTitles":["Database Access Functions","getFromTable"],"duration":0,"failing":false,"failureDetails":[],"failureMessages":[],"fullName":"Database Access Functions getFromTable debe aplicar límite correctamente","invocations":1,"location":null,"numPassingAsserts":2,"retryReasons":[],"startAt":1788391844500,"status":"passed","title":"debe aplicar límite correctamente"},{"ancestorTitles":["Database Access Functions","getFromTable"],"duration":1,"failing":false,"failureDetails":[],"failureMessages":[],"fullName":"Database Access Functions getFromTable debe lanzar error cuando falla la consulta","invocations":1,"location":null,"numPassingAsserts":1,"retryReasons":[],"startAt":1788391844500,"status":"passed","title":"debe lanzar error cuando falla la consulta"},{"ancestorTitles":["Database Access Functions","insertIntoTable"],"duration":0,"failing":false,"failureDetails":[],"failureMessages":[],"fullName":"Database Access Functions insertIntoTable debe insertar un registro único","invocations":1,"location":null,"numPassingAsserts":3,"retryReasons":[],"startAt":1788391844501,"status":"passed","title":"debe insertar un registro único"},{"ancestorTitles":["Database Access Functions","insertIntoTable"],"duration":1,"failing":false,"failureDetails":[],"failureMessages":[],"fullName":"Database Access Functions insertIntoTable debe insertar múltiples registros","invocations":1,"location":null,"numPassingAsserts":2,"retryReasons":[],"startAt":1788391844501,"status":"passed","title":"debe insertar múltiples registros"},{"ancestorTitles":["Database Access Functions","insertIntoTable"],"duration":0,"failing":false,"failureDetails":[],"failureMessages":[],"fullName":"Database Access Functions insertIntoTable debe lanzar error cuando falla la inserción","invocations":1,"location":null,"numPassingAsserts":1,"retryReasons":[],"startAt":1788391844502,"status":"passed","title":"debe lanzar error cuando falla la inserción"},{"ancestorTitles":["Database Access Functions","updateTable"],"duration":1,"failing":false,"failureDetails":[],"failureMessages":[],"fullName":"Database Access Functions updateTable debe actualizar registros con filtro","invocations":1,"location":null,"numPassingAsserts":4,"retryReasons":[],"startAt":1788391844502,"status":"passed","title":"debe actualizar registros con filtro"},{"ancestorTitles":["Database Access Functions","updateTable"],"duration":0,"failing":false,"failureDetails":[],"failureMessages":[],"fullName":"Database Access Functions updateTable debe aplicar múltiples filtros","invocations":1,"location":null,"numPassingAsserts":2,"retryReasons":[],"startAt":1788391844503,"status":"passed","title":"debe aplicar múltiples filtros"},{"ancestorTitles":["Database Access Functions","updateTable"],"duration":1,"failing":false,"failureDetails":[],"failureMessages":[],"fullName":"Database Access Functions updateTable debe lanzar error cuando falla la actualización","invocations":1,"location":null,"numPassingAsserts":1,"retryReasons":[],"startAt":1788391844503,"status":"passed","title":"debe lanzar error cuando falla la actualización"},{"ancestorTitles":["Database Access Functions","deleteFromTable"],"duration":0,"failing":false,"failureDetails":[],"failureMessages":[],"fullName":"Database Access Functions deleteFromTable debe eliminar registros con filtro","invocations":1,"location":null,"numPassingAsserts":3,"retryReasons":[],"startAt":1788391844504,"status":"passed","title":"debe eliminar registros con filtro"},{"ancestorTitles":["Database Access Functions","deleteFromTable"],"duration":0,"failing":false,"failureDetails":[],"failureMessages":[],"fullName":"Database Access Functions deleteFromTable debe aplicar múltiples filtros","invocations":1,"location":null,"numPassingAsserts":2,"retryReasons":[],"startAt":1788391844504,"status":"passed","title":"debe aplicar múltiples filtros"},{"ancestorTitles":["Database Access Functions","deleteFromTable"],"duration":0,"failing":false,"failureDetails":[],"failureMessages":[],"fullName":"Database Access Functions deleteFromTable debe lanzar error cuando falla la eliminación","invocations":1,"location":null,"numPassingAsserts":1,"retryReasons":[],"startAt":1788391844505,"status":"passed","title":"debe lanzar error cuando falla la eliminación"}],"endTime":1788391844505,"message":"","name":"C:\\Repos\\cam-sanjuanpablosegundo\\BD\\Acceso.test.ts","startTime":1788391844388,"status":"passed","summary":""},{"assertionResults":[{"ancestorTitles":["userRoles","normalizeUserRole"],"duration":1,"failing":false,"failureDetails":[],"failureMessages":[],"fullName":"userRoles normalizeUserRole debe retornar \"admin\" para \"admin\" en minúsculas","invocations":1,"location":null,"numPassingAsserts":1,"retryReasons":[],"startAt":1788391844605,"status":"passed","title":"debe retornar \"admin\" para \"admin\" en minúsculas"},{"ancestorTitles":["userRoles","normalizeUserRole"],"duration":0,"failing":false,"failureDetails":[],"failureMessages":[],"fullName":"userRoles normalizeUserRole debe retornar \"colaborador\" para \"colaborador\" en minúsculas","invocations":1,"location":null,"numPassingAsserts":1,"retryReasons":[],"startAt":1788391844606,"status":"passed","title":"debe retornar \"colaborador\" para \"colaborador\" en minúsculas"},{"ancestorTitles":["userRoles","normalizeUserRole"],"duration":0,"failing":false,"failureDetails":[],"failureMessages":[],"fullName":"userRoles normalizeUserRole debe normalizar \"ADMIN\" a \"admin\"","invocations":1,"location":null,"numPassingAsserts":1,"retryReasons":[],"startAt":1788391844606,"status":"passed","title":"debe normalizar \"ADMIN\" a \"admin\""},{"ancestorTitles":["userRoles","normalizeUserRole"],"duration":0,"failing":false,"failureDetails":[],"failureMessages":[],"fullName":"userRoles normalizeUserRole debe normalizar \"COLABORADOR\" a \"colaborador\"","invocations":1,"location":null,"numPassingAsserts":1,"retryReasons":[],"startAt":1788391844606,"status":"passed","title":"debe normalizar \"COLABORADOR\" a \"colaborador\""},{"ancestorTitles":["userRoles","normalizeUserRole"],"duration":1,"failing":false,"failureDetails":[],"failureMessages":[],"fullName":"userRoles normalizeUserRole debe normalizar \"Admin\" a \"admin\"","invocations":1,"location":null,"numPassingAsserts":1,"retryReasons":[],"startAt":1788391844606,"status":"passed","title":"debe normalizar \"Admin\" a \"admin\""},{"ancestorTitles":["userRoles","normalizeUserRole"],"duration":0,"failing":false,"failureDetails":[],"failureMessages":[],"fullName":"userRoles normalizeUserRole debe normalizar \"Colaborador\" a \"colaborador\"","invocations":1,"location":null,"numPassingAsserts":1,"retryReasons":[],"startAt":1788391844607,"status":"passed","title":"debe normalizar \"Colaborador\" a \"colaborador\""},{"ancestorTitles":["userRoles","normalizeUserRole"],"duration":0,"failing":false,"failureDetails":[],"failureMessages":[],"fullName":"userRoles normalizeUserRole debe manejar espacios al inicio y final","invocations":1,"location":null,"numPassingAsserts":2,"retryReasons":[],"startAt":1788391844607,"status":"passed","title":"debe manejar espacios al inicio y final"},{"ancestorTitles":["userRoles","normalizeUserRole"],"duration":0,"failing":false,"failureDetails":[],"failureMessages":[],"fullName":"userRoles normalizeUserRole debe retornar null para roles inválidos","invocations":1,"location":null,"numPassingAsserts":3,"retryReasons":[],"startAt":1788391844607,"status":"passed","title":"debe retornar null para roles inválidos"},{"ancestorTitles":["userRoles","normalizeUserRole"],"duration":0,"failing":false,"failureDetails":[],"failureMessages":[],"fullName":"userRoles normalizeUserRole debe retornar null para string vacío","invocations":1,"location":null,"numPassingAsserts":1,"retryReasons":[],"startAt":1788391844607,"status":"passed","title":"debe retornar null para string vacío"},{"ancestorTitles":["userRoles","normalizeUserRole"],"duration":1,"failing":false,"failureDetails":[],"failureMessages":[],"fullName":"userRoles normalizeUserRole debe retornar null para string con solo espacios","invocations":1,"location":null,"numPassingAsserts":1,"retryReasons":[],"startAt":1788391844607,"status":"passed","title":"debe retornar null para string con solo espacios"},{"ancestorTitles":["userRoles","normalizeUserRole"],"duration":0,"failing":false,"failureDetails":[],"failureMessages":[],"fullName":"userRoles normalizeUserRole debe retornar null para null","invocations":1,"location":null,"numPassingAsserts":1,"retryReasons":[],"startAt":1788391844608,"status":"passed","title":"debe retornar null para null"},{"ancestorTitles":["userRoles","normalizeUserRole"],"duration":0,"failing":false,"failureDetails":[],"failureMessages":[],"fullName":"userRoles normalizeUserRole debe retornar null para undefined","invocations":1,"location":null,"numPassingAsserts":1,"retryReasons":[],"startAt":1788391844608,"status":"passed","title":"debe retornar null para undefined"},{"ancestorTitles":["userRoles","USER_ROLES"],"duration":0,"failing":false,"failureDetails":[],"failureMessages":[],"fullName":"userRoles USER_ROLES debe contener solo \"admin\" y \"colaborador\"","invocations":1,"location":null,"numPassingAsserts":1,"retryReasons":[],"startAt":1788391844608,"status":"passed","title":"debe contener solo \"admin\" y \"colaborador\""},{"ancestorTitles":["userRoles","USER_ROLES"],"duration":0,"failing":false,"failureDetails":[],"failureMessages":[],"fullName":"userRoles USER_ROLES debe tener longitud 2","invocations":1,"location":null,"numPassingAsserts":1,"retryReasons":[],"startAt":1788391844608,"status":"passed","title":"debe tener longitud 2"}],"endTime":1788391844609,"message":"","name":"C:\\Repos\\cam-sanjuanpablosegundo\\lib\\userRoles.test.ts","startTime":1788391844521,"status":"passed","summary":""}],"wasInterrupted":false}
