{"numFailedTestSuites":0,"numFailedTests":0,"numPassedTestSuites":10,"numPassedTests":90,"numPendingTestSuites":0,"numPendingTests":0,"numRuntimeErrorTestSuites":0,"numTodoTests":0,"numTotalTestSuites":10,"numTotalTests":90,"openHandles":[],"snapshot":{"added":0,"didUpdate":false,"failure":false,"filesAdded":0,"filesRemoved":0,"filesRemovedList":[],"filesUnmatched":0,"filesUpdated":0,"matched":0,"total":0,"unchecked":0,"uncheckedKeysByFile":[],"unmatched":0,"updated":0},"startTime":1788387546706,"success":true,"testResults":[{"assertionResults":[{"ancestorTitles":["/api/medicamentos","GET"],"duration":5,"failing":false,"failureDetails":[],"failureMessages":[],"fullName":"/api/medicamentos GET debe retornar 401 si no hay sesión","invocations":1,"location":null,"numPassingAsserts":3,"retryReasons":[],"startAt":1788387547642,"status":"passed","title":"debe retornar 401 si no hay sesión"},{"ancestorTitles":["/api/medicamentos","GET"],"duration":1,"failing":false,"failureDetails":[],"failureMessages":[],"fullName":"/api/medicamentos GET debe retornar adultos y prescripciones exitosamente","invocations":1,"location":null,"numPassingAsserts":3,"retryReasons":[],"startAt":1788387547648,"status":"passed","title":"debe retornar adultos y prescripciones exitosamente"},{"ancestorTitles":["/api/medicamentos","GET"],"duration":1,"failing":false,"failureDetails":[],"failureMessages":[],"fullName":"/api/medicamentos GET debe manejar error de consulta de adultos","invocations":1,"location":null,"numPassingAsserts":3,"retryReasons":[],"startAt":1788387547649,"status":"passed","title":"debe manejar error de consulta de adultos"},{"ancestorTitles":["/api/medicamentos","GET"],"duration":0,"failing":false,"failureDetails":[],"failureMessages":[],"fullName":"/api/medicamentos GET debe manejar error de consulta de prescripciones","invocations":1,"location":null,"numPassingAsserts":1,"retryReasons":[],"startAt":1788387547650,"status":"passed","title":"debe manejar error de consulta de prescripciones"},{"ancestorTitles":["/api/medicamentos","POST"],"duration":1,"failing":false,"failureDetails":[],"failureMessages":[],"fullName":"/api/medicamentos POST debe retornar 401 si no hay sesión","invocations":1,"location":null,"numPassingAsserts":3,"retryReasons":[],"startAt":1788387547650,"status":"passed","title":"debe retornar 401 si no hay sesión"},{"ancestorTitles":["/api/medicamentos","POST"],"duration":0,"failing":false,"failureDetails":[],"failureMessages":[],"fullName":"/api/medicamentos POST debe retornar 400 si falta el id_adulto_mayor","invocations":1,"location":null,"numPassingAsserts":3,"retryReasons":[],"startAt":1788387547651,"status":"passed","title":"debe retornar 400 si falta el id_adulto_mayor"},{"ancestorTitles":["/api/medicamentos","POST"],"duration":1,"failing":false,"failureDetails":[],"failureMessages":[],"fullName":"/api/medicamentos POST debe retornar 400 si id_adulto_mayor no es un número válido","invocations":1,"location":null,"numPassingAsserts":3,"retryReasons":[],"startAt":1788387547651,"status":"passed","title":"debe retornar 400 si id_adulto_mayor no es un número válido"},{"ancestorTitles":["/api/medicamentos","POST"],"duration":0,"failing":false,"failureDetails":[],"failureMessages":[],"fullName":"/api/medicamentos POST debe retornar 400 si falta el nombre del medicamento","invocations":1,"location":null,"numPassingAsserts":3,"retryReasons":[],"startAt":1788387547652,"status":"passed","title":"debe retornar 400 si falta el nombre del medicamento"},{"ancestorTitles":["/api/medicamentos","POST"],"duration":1,"failing":false,"failureDetails":[],"failureMessages":[],"fullName":"/api/medicamentos POST debe crear prescripción exitosamente","invocations":1,"location":null,"numPassingAsserts":3,"retryReasons":[],"startAt":1788387547652,"status":"passed","title":"debe crear prescripción exitosamente"},{"ancestorTitles":["/api/medicamentos","POST"],"duration":1,"failing":false,"failureDetails":[],"failureMessages":[],"fullName":"/api/medicamentos POST debe establecer valores por defecto para horarios no especificados","invocations":1,"location":null,"numPassingAsserts":1,"retryReasons":[],"startAt":1788387547653,"status":"passed","title":"debe establecer valores por defecto para horarios no especificados"},{"ancestorTitles":["/api/medicamentos","POST"],"duration":0,"failing":false,"failureDetails":[],"failureMessages":[],"fullName":"/api/medicamentos POST debe normalizar espacios en nombre del medicamento","invocations":1,"location":null,"numPassingAsserts":1,"retryReasons":[],"startAt":1788387547654,"status":"passed","title":"debe normalizar espacios en nombre del medicamento"},{"ancestorTitles":["/api/medicamentos","POST"],"duration":1,"failing":false,"failureDetails":[],"failureMessages":[],"fullName":"/api/medicamentos POST debe manejar error de inserción","invocations":1,"location":null,"numPassingAsserts":3,"retryReasons":[],"startAt":1788387547654,"status":"passed","title":"debe manejar error de inserción"}],"endTime":1788387547655,"message":"","name":"G:\\TCU\\cam-sanjuanpablosegundo\\app\\api\\medicamentos\\route.test.ts","startTime":1788387547279,"status":"passed","summary":""},{"assertionResults":[{"ancestorTitles":["/api/adultos","GET"],"duration":1,"failing":false,"failureDetails":[],"failureMessages":[],"fullName":"/api/adultos GET debe retornar 401 si no hay sesión","invocations":1,"location":null,"numPassingAsserts":3,"retryReasons":[],"startAt":1788387547782,"status":"passed","title":"debe retornar 401 si no hay sesión"},{"ancestorTitles":["/api/adultos","GET"],"duration":1,"failing":false,"failureDetails":[],"failureMessages":[],"fullName":"/api/adultos GET debe retornar lista de adultos mayores con historial","invocations":1,"location":null,"numPassingAsserts":4,"retryReasons":[],"startAt":1788387547783,"status":"passed","title":"debe retornar lista de adultos mayores con historial"},{"ancestorTitles":["/api/adultos","GET"],"duration":1,"failing":false,"failureDetails":[],"failureMessages":[],"fullName":"/api/adultos GET debe manejar error de consulta de adultos","invocations":1,"location":null,"numPassingAsserts":2,"retryReasons":[],"startAt":1788387547784,"status":"passed","title":"debe manejar error de consulta de adultos"},{"ancestorTitles":["/api/adultos","GET"],"duration":0,"failing":false,"failureDetails":[],"failureMessages":[],"fullName":"/api/adultos GET debe agrupar historial correctamente por adulto mayor","invocations":1,"location":null,"numPassingAsserts":2,"retryReasons":[],"startAt":1788387547785,"status":"passed","title":"debe agrupar historial correctamente por adulto mayor"},{"ancestorTitles":["/api/adultos","POST"],"duration":1,"failing":false,"failureDetails":[],"failureMessages":[],"fullName":"/api/adultos POST debe retornar 401 si no hay sesión","invocations":1,"location":null,"numPassingAsserts":3,"retryReasons":[],"startAt":1788387547785,"status":"passed","title":"debe retornar 401 si no hay sesión"},{"ancestorTitles":["/api/adultos","POST"],"duration":0,"failing":false,"failureDetails":[],"failureMessages":[],"fullName":"/api/adultos POST debe crear un adulto mayor exitosamente","invocations":1,"location":null,"numPassingAsserts":4,"retryReasons":[],"startAt":1788387547786,"status":"passed","title":"debe crear un adulto mayor exitosamente"},{"ancestorTitles":["/api/adultos","POST"],"duration":0,"failing":false,"failureDetails":[],"failureMessages":[],"fullName":"/api/adultos POST debe manejar campos opcionales correctamente","invocations":1,"location":null,"numPassingAsserts":1,"retryReasons":[],"startAt":1788387547787,"status":"passed","title":"debe manejar campos opcionales correctamente"},{"ancestorTitles":["/api/adultos","POST"],"duration":0,"failing":false,"failureDetails":[],"failureMessages":[],"fullName":"/api/adultos POST debe manejar error de inserción","invocations":1,"location":null,"numPassingAsserts":2,"retryReasons":[],"startAt":1788387547787,"status":"passed","title":"debe manejar error de inserción"}],"endTime":1788387547788,"message":"","name":"G:\\TCU\\cam-sanjuanpablosegundo\\app\\api\\adultos\\route.test.ts","startTime":1788387547666,"status":"passed","summary":""},{"assertionResults":[{"ancestorTitles":["ErrorState Component"],"duration":27,"failing":false,"failureDetails":[],"failureMessages":[],"fullName":"ErrorState Component debe renderizar el título correctamente","invocations":1,"location":null,"numPassingAsserts":1,"retryReasons":[],"startAt":1788387547926,"status":"passed","title":"debe renderizar el título correctamente"},{"ancestorTitles":["ErrorState Component"],"duration":3,"failing":false,"failureDetails":[],"failureMessages":[],"fullName":"ErrorState Component debe renderizar el icono por defecto cuando no se proporciona uno","invocations":1,"location":null,"numPassingAsserts":1,"retryReasons":[],"startAt":1788387547953,"status":"passed","title":"debe renderizar el icono por defecto cuando no se proporciona uno"},{"ancestorTitles":["ErrorState Component"],"duration":2,"failing":false,"failureDetails":[],"failureMessages":[],"fullName":"ErrorState Component debe renderizar un icono personalizado cuando se proporciona","invocations":1,"location":null,"numPassingAsserts":1,"retryReasons":[],"startAt":1788387547956,"status":"passed","title":"debe renderizar un icono personalizado cuando se proporciona"},{"ancestorTitles":["ErrorState Component"],"duration":5,"failing":false,"failureDetails":[],"failureMessages":[],"fullName":"ErrorState Component debe renderizar la descripción cuando se proporciona","invocations":1,"location":null,"numPassingAsserts":1,"retryReasons":[],"startAt":1788387547958,"status":"passed","title":"debe renderizar la descripción cuando se proporciona"},{"ancestorTitles":["ErrorState Component"],"duration":2,"failing":false,"failureDetails":[],"failureMessages":[],"fullName":"ErrorState Component no debe renderizar la descripción cuando no se proporciona","invocations":1,"location":null,"numPassingAsserts":1,"retryReasons":[],"startAt":1788387547963,"status":"passed","title":"no debe renderizar la descripción cuando no se proporciona"},{"ancestorTitles":["ErrorState Component"],"duration":3,"failing":false,"failureDetails":[],"failureMessages":[],"fullName":"ErrorState Component debe renderizar el botón de acción cuando se proporcionan actionLabel y onAction","invocations":1,"location":null,"numPassingAsserts":1,"retryReasons":[],"startAt":1788387547965,"status":"passed","title":"debe renderizar el botón de acción cuando se proporcionan actionLabel y onAction"},{"ancestorTitles":["ErrorState Component"],"duration":4,"failing":false,"failureDetails":[],"failureMessages":[],"fullName":"ErrorState Component debe llamar a onAction cuando se hace clic en el botón","invocations":1,"location":null,"numPassingAsserts":1,"retryReasons":[],"startAt":1788387547968,"status":"passed","title":"debe llamar a onAction cuando se hace clic en el botón"},{"ancestorTitles":["ErrorState Component"],"duration":2,"failing":false,"failureDetails":[],"failureMessages":[],"fullName":"ErrorState Component no debe renderizar el botón cuando falta actionLabel","invocations":1,"location":null,"numPassingAsserts":1,"retryReasons":[],"startAt":1788387547972,"status":"passed","title":"no debe renderizar el botón cuando falta actionLabel"},{"ancestorTitles":["ErrorState Component"],"duration":1,"failing":false,"failureDetails":[],"failureMessages":[],"fullName":"ErrorState Component no debe renderizar el botón cuando falta onAction","invocations":1,"location":null,"numPassingAsserts":1,"retryReasons":[],"startAt":1788387547974,"status":"passed","title":"no debe renderizar el botón cuando falta onAction"},{"ancestorTitles":["ErrorState Component"],"duration":17,"failing":false,"failureDetails":[],"failureMessages":[],"fullName":"ErrorState Component debe aplicar estilos correctamente","invocations":1,"location":null,"numPassingAsserts":1,"retryReasons":[],"startAt":1788387547975,"status":"passed","title":"debe aplicar estilos correctamente"}],"endTime":1788387547993,"message":"","name":"G:\\TCU\\cam-sanjuanpablosegundo\\app\\(main)\\components\\ErrorState.test.tsx","startTime":1788387547796,"status":"passed","summary":""},{"assertionResults":[{"ancestorTitles":["/api/auth/login","POST"],"duration":1,"failing":false,"failureDetails":[],"failureMessages":[],"fullName":"/api/auth/login POST debe retornar 400 si falta el email","invocations":1,"location":null,"numPassingAsserts":3,"retryReasons":[],"startAt":1788387548125,"status":"passed","title":"debe retornar 400 si falta el email"},{"ancestorTitles":["/api/auth/login","POST"],"duration":0,"failing":false,"failureDetails":[],"failureMessages":[],"fullName":"/api/auth/login POST debe retornar 400 si falta la contraseña","invocations":1,"location":null,"numPassingAsserts":3,"retryReasons":[],"startAt":1788387548126,"status":"passed","title":"debe retornar 400 si falta la contraseña"},{"ancestorTitles":["/api/auth/login","POST"],"duration":1,"failing":false,"failureDetails":[],"failureMessages":[],"fullName":"/api/auth/login POST debe retornar 401 si el usuario no existe","invocations":1,"location":null,"numPassingAsserts":3,"retryReasons":[],"startAt":1788387548126,"status":"passed","title":"debe retornar 401 si el usuario no existe"},{"ancestorTitles":["/api/auth/login","POST"],"duration":0,"failing":false,"failureDetails":[],"failureMessages":[],"fullName":"/api/auth/login POST debe retornar 401 si la contraseña es incorrecta","invocations":1,"location":null,"numPassingAsserts":3,"retryReasons":[],"startAt":1788387548127,"status":"passed","title":"debe retornar 401 si la contraseña es incorrecta"},{"ancestorTitles":["/api/auth/login","POST"],"duration":1,"failing":false,"failureDetails":[],"failureMessages":[],"fullName":"/api/auth/login POST debe autenticar exitosamente con credenciales correctas","invocations":1,"location":null,"numPassingAsserts":5,"retryReasons":[],"startAt":1788387548127,"status":"passed","title":"debe autenticar exitosamente con credenciales correctas"},{"ancestorTitles":["/api/auth/login","POST"],"duration":1,"failing":false,"failureDetails":[],"failureMessages":[],"fullName":"/api/auth/login POST debe actualizar el último acceso al hacer login","invocations":1,"location":null,"numPassingAsserts":2,"retryReasons":[],"startAt":1788387548128,"status":"passed","title":"debe actualizar el último acceso al hacer login"},{"ancestorTitles":["/api/auth/login","POST"],"duration":0,"failing":false,"failureDetails":[],"failureMessages":[],"fullName":"/api/auth/login POST debe establecer cookie de sesión al hacer login exitoso","invocations":1,"location":null,"numPassingAsserts":3,"retryReasons":[],"startAt":1788387548129,"status":"passed","title":"debe establecer cookie de sesión al hacer login exitoso"},{"ancestorTitles":["/api/auth/login","POST"],"duration":1,"failing":false,"failureDetails":[],"failureMessages":[],"fullName":"/api/auth/login POST debe manejar error de base de datos al buscar usuario","invocations":1,"location":null,"numPassingAsserts":3,"retryReasons":[],"startAt":1788387548129,"status":"passed","title":"debe manejar error de base de datos al buscar usuario"},{"ancestorTitles":["/api/auth/login","POST"],"duration":0,"failing":false,"failureDetails":[],"failureMessages":[],"fullName":"/api/auth/login POST debe manejar excepción no esperada","invocations":1,"location":null,"numPassingAsserts":3,"retryReasons":[],"startAt":1788387548130,"status":"passed","title":"debe manejar excepción no esperada"}],"endTime":1788387548130,"message":"","name":"G:\\TCU\\cam-sanjuanpablosegundo\\app\\api\\auth\\login\\route.test.ts","startTime":1788387548008,"status":"passed","summary":""},{"assertionResults":[{"ancestorTitles":["auth utilities","getSession"],"duration":0,"failing":false,"failureDetails":[],"failureMessages":[],"fullName":"auth utilities getSession debe retornar null si no existe la cookie de sesión","invocations":1,"location":null,"numPassingAsserts":1,"retryReasons":[],"startAt":1788387548239,"status":"passed","title":"debe retornar null si no existe la cookie de sesión"},{"ancestorTitles":["auth utilities","getSession"],"duration":0,"failing":false,"failureDetails":[],"failureMessages":[],"fullName":"auth utilities getSession debe retornar la sesión parseada cuando la cookie es válida","invocations":1,"location":null,"numPassingAsserts":1,"retryReasons":[],"startAt":1788387548240,"status":"passed","title":"debe retornar la sesión parseada cuando la cookie es válida"},{"ancestorTitles":["auth utilities","getSession"],"duration":0,"failing":false,"failureDetails":[],"failureMessages":[],"fullName":"auth utilities getSession debe retornar null si la cookie no contiene JSON válido","invocations":1,"location":null,"numPassingAsserts":1,"retryReasons":[],"startAt":1788387548240,"status":"passed","title":"debe retornar null si la cookie no contiene JSON válido"},{"ancestorTitles":["auth utilities","getSession"],"duration":0,"failing":false,"failureDetails":[],"failureMessages":[],"fullName":"auth utilities getSession debe manejar cookies con JSON malformado","invocations":1,"location":null,"numPassingAsserts":1,"retryReasons":[],"startAt":1788387548240,"status":"passed","title":"debe manejar cookies con JSON malformado"},{"ancestorTitles":["auth utilities","requireAuth"],"duration":1,"failing":false,"failureDetails":[],"failureMessages":[],"fullName":"auth utilities requireAuth debe retornar la sesión si existe","invocations":1,"location":null,"numPassingAsserts":1,"retryReasons":[],"startAt":1788387548240,"status":"passed","title":"debe retornar la sesión si existe"},{"ancestorTitles":["auth utilities","requireAuth"],"duration":4,"failing":false,"failureDetails":[],"failureMessages":[],"fullName":"auth utilities requireAuth debe lanzar un error si no existe la sesión","invocations":1,"location":null,"numPassingAsserts":1,"retryReasons":[],"startAt":1788387548241,"status":"passed","title":"debe lanzar un error si no existe la sesión"},{"ancestorTitles":["auth utilities","requireAuth"],"duration":0,"failing":false,"failureDetails":[],"failureMessages":[],"fullName":"auth utilities requireAuth debe lanzar un error si la cookie es inválida","invocations":1,"location":null,"numPassingAsserts":1,"retryReasons":[],"startAt":1788387548246,"status":"passed","title":"debe lanzar un error si la cookie es inválida"}],"endTime":1788387548246,"message":"","name":"G:\\TCU\\cam-sanjuanpablosegundo\\lib\\auth.test.ts","startTime":1788387548138,"status":"passed","summary":""},{"assertionResults":[{"ancestorTitles":["Database Access Functions","executeSupabaseQuery"],"duration":0,"failing":false,"failureDetails":[],"failureMessages":[],"fullName":"Database Access Functions executeSupabaseQuery debe ejecutar una query exitosamente","invocations":1,"location":null,"numPassingAsserts":2,"retryReasons":[],"startAt":1788387548370,"status":"passed","title":"debe ejecutar una query exitosamente"},{"ancestorTitles":["Database Access Functions","executeSupabaseQuery"],"duration":1,"failing":false,"failureDetails":[],"failureMessages":[],"fullName":"Database Access Functions executeSupabaseQuery debe pasar parámetros correctamente","invocations":1,"location":null,"numPassingAsserts":1,"retryReasons":[],"startAt":1788387548370,"status":"passed","title":"debe pasar parámetros correctamente"},{"ancestorTitles":["Database Access Functions","executeSupabaseQuery"],"duration":6,"failing":false,"failureDetails":[],"failureMessages":[],"fullName":"Database Access Functions executeSupabaseQuery debe lanzar error cuando la query falla","invocations":1,"location":null,"numPassingAsserts":1,"retryReasons":[],"startAt":1788387548371,"status":"passed","title":"debe lanzar error cuando la query falla"},{"ancestorTitles":["Database Access Functions","getFromTable"],"duration":0,"failing":false,"failureDetails":[],"failureMessages":[],"fullName":"Database Access Functions getFromTable debe obtener todos los registros sin opciones","invocations":1,"location":null,"numPassingAsserts":3,"retryReasons":[],"startAt":1788387548377,"status":"passed","title":"debe obtener todos los registros sin opciones"},{"ancestorTitles":["Database Access Functions","getFromTable"],"duration":1,"failing":false,"failureDetails":[],"failureMessages":[],"fullName":"Database Access Functions getFromTable debe aplicar filtros correctamente","invocations":1,"location":null,"numPassingAsserts":3,"retryReasons":[],"startAt":1788387548377,"status":"passed","title":"debe aplicar filtros correctamente"},{"ancestorTitles":["Database Access Functions","getFromTable"],"duration":0,"failing":false,"failureDetails":[],"failureMessages":[],"fullName":"Database Access Functions getFromTable debe aplicar orden correctamente","invocations":1,"location":null,"numPassingAsserts":2,"retryReasons":[],"startAt":1788387548378,"status":"passed","title":"debe aplicar orden correctamente"},{"ancestorTitles":["Database Access Functions","getFromTable"],"duration":0,"failing":false,"failureDetails":[],"failureMessages":[],"fullName":"Database Access Functions getFromTable debe aplicar límite correctamente","invocations":1,"location":null,"numPassingAsserts":2,"retryReasons":[],"startAt":1788387548378,"status":"passed","title":"debe aplicar límite correctamente"},{"ancestorTitles":["Database Access Functions","getFromTable"],"duration":1,"failing":false,"failureDetails":[],"failureMessages":[],"fullName":"Database Access Functions getFromTable debe lanzar error cuando falla la consulta","invocations":1,"location":null,"numPassingAsserts":1,"retryReasons":[],"startAt":1788387548378,"status":"passed","title":"debe lanzar error cuando falla la consulta"},{"ancestorTitles":["Database Access Functions","insertIntoTable"],"duration":0,"failing":false,"failureDetails":[],"failureMessages":[],"fullName":"Database Access Functions insertIntoTable debe insertar un registro único","invocations":1,"location":null,"numPassingAsserts":3,"retryReasons":[],"startAt":1788387548379,"status":"passed","title":"debe insertar un registro único"},{"ancestorTitles":["Database Access Functions","insertIntoTable"],"duration":0,"failing":false,"failureDetails":[],"failureMessages":[],"fullName":"Database Access Functions insertIntoTable debe insertar múltiples registros","invocations":1,"location":null,"numPassingAsserts":2,"retryReasons":[],"startAt":1788387548380,"status":"passed","title":"debe insertar múltiples registros"},{"ancestorTitles":["Database Access Functions","insertIntoTable"],"duration":0,"failing":false,"failureDetails":[],"failureMessages":[],"fullName":"Database Access Functions insertIntoTable debe lanzar error cuando falla la inserción","invocations":1,"location":null,"numPassingAsserts":1,"retryReasons":[],"startAt":1788387548380,"status":"passed","title":"debe lanzar error cuando falla la inserción"},{"ancestorTitles":["Database Access Functions","updateTable"],"duration":1,"failing":false,"failureDetails":[],"failureMessages":[],"fullName":"Database Access Functions updateTable debe actualizar registros con filtro","invocations":1,"location":null,"numPassingAsserts":4,"retryReasons":[],"startAt":1788387548380,"status":"passed","title":"debe actualizar registros con filtro"},{"ancestorTitles":["Database Access Functions","updateTable"],"duration":0,"failing":false,"failureDetails":[],"failureMessages":[],"fullName":"Database Access Functions updateTable debe aplicar múltiples filtros","invocations":1,"location":null,"numPassingAsserts":2,"retryReasons":[],"startAt":1788387548381,"status":"passed","title":"debe aplicar múltiples filtros"},{"ancestorTitles":["Database Access Functions","updateTable"],"duration":0,"failing":false,"failureDetails":[],"failureMessages":[],"fullName":"Database Access Functions updateTable debe lanzar error cuando falla la actualización","invocations":1,"location":null,"numPassingAsserts":1,"retryReasons":[],"startAt":1788387548381,"status":"passed","title":"debe lanzar error cuando falla la actualización"},{"ancestorTitles":["Database Access Functions","deleteFromTable"],"duration":1,"failing":false,"failureDetails":[],"failureMessages":[],"fullName":"Database Access Functions deleteFromTable debe eliminar registros con filtro","invocations":1,"location":null,"numPassingAsserts":3,"retryReasons":[],"startAt":1788387548381,"status":"passed","title":"debe eliminar registros con filtro"},{"ancestorTitles":["Database Access Functions","deleteFromTable"],"duration":0,"failing":false,"failureDetails":[],"failureMessages":[],"fullName":"Database Access Functions deleteFromTable debe aplicar múltiples filtros","invocations":1,"location":null,"numPassingAsserts":2,"retryReasons":[],"startAt":1788387548382,"status":"passed","title":"debe aplicar múltiples filtros"},{"ancestorTitles":["Database Access Functions","deleteFromTable"],"duration":0,"failing":false,"failureDetails":[],"failureMessages":[],"fullName":"Database Access Functions deleteFromTable debe lanzar error cuando falla la eliminación","invocations":1,"location":null,"numPassingAsserts":1,"retryReasons":[],"startAt":1788387548382,"status":"passed","title":"debe lanzar error cuando falla la eliminación"}],"endTime":1788387548383,"message":"","name":"G:\\TCU\\cam-sanjuanpablosegundo\\BD\\Acceso.test.ts","startTime":1788387548254,"status":"passed","summary":""},{"assertionResults":[{"ancestorTitles":["useEscapeKey Hook"],"duration":3,"failing":false,"failureDetails":[],"failureMessages":[],"fullName":"useEscapeKey Hook debe llamar a onEscape cuando se presiona la tecla Escape y está activo","invocations":1,"location":null,"numPassingAsserts":1,"retryReasons":[],"startAt":1788387548493,"status":"passed","title":"debe llamar a onEscape cuando se presiona la tecla Escape y está activo"},{"ancestorTitles":["useEscapeKey Hook"],"duration":1,"failing":false,"failureDetails":[],"failureMessages":[],"fullName":"useEscapeKey Hook no debe llamar a onEscape cuando se presiona la tecla Escape pero no está activo","invocations":1,"location":null,"numPassingAsserts":1,"retryReasons":[],"startAt":1788387548496,"status":"passed","title":"no debe llamar a onEscape cuando se presiona la tecla Escape pero no está activo"},{"ancestorTitles":["useEscapeKey Hook"],"duration":1,"failing":false,"failureDetails":[],"failureMessages":[],"fullName":"useEscapeKey Hook no debe llamar a onEscape cuando se presiona otra tecla","invocations":1,"location":null,"numPassingAsserts":1,"retryReasons":[],"startAt":1788387548497,"status":"passed","title":"no debe llamar a onEscape cuando se presiona otra tecla"},{"ancestorTitles":["useEscapeKey Hook"],"duration":1,"failing":false,"failureDetails":[],"failureMessages":[],"fullName":"useEscapeKey Hook debe limpiar el event listener al desmontar","invocations":1,"location":null,"numPassingAsserts":1,"retryReasons":[],"startAt":1788387548498,"status":"passed","title":"debe limpiar el event listener al desmontar"},{"ancestorTitles":["useEscapeKey Hook"],"duration":1,"failing":false,"failureDetails":[],"failureMessages":[],"fullName":"useEscapeKey Hook debe actualizar el listener cuando cambia onEscape","invocations":1,"location":null,"numPassingAsserts":4,"retryReasons":[],"startAt":1788387548499,"status":"passed","title":"debe actualizar el listener cuando cambia onEscape"},{"ancestorTitles":["useEscapeKey Hook"],"duration":1,"failing":false,"failureDetails":[],"failureMessages":[],"fullName":"useEscapeKey Hook debe actualizar el listener cuando cambia el estado activo","invocations":1,"location":null,"numPassingAsserts":2,"retryReasons":[],"startAt":1788387548500,"status":"passed","title":"debe actualizar el listener cuando cambia el estado activo"}],"endTime":1788387548501,"message":"","name":"G:\\TCU\\cam-sanjuanpablosegundo\\app\\(main)\\components\\useEscapeKey.test.ts","startTime":1788387548389,"status":"passed","summary":""},{"assertionResults":[{"ancestorTitles":["userRoles","normalizeUserRole"],"duration":1,"failing":false,"failureDetails":[],"failureMessages":[],"fullName":"userRoles normalizeUserRole debe retornar \"admin\" para \"admin\" en minúsculas","invocations":1,"location":null,"numPassingAsserts":1,"retryReasons":[],"startAt":1788387548607,"status":"passed","title":"debe retornar \"admin\" para \"admin\" en minúsculas"},{"ancestorTitles":["userRoles","normalizeUserRole"],"duration":0,"failing":false,"failureDetails":[],"failureMessages":[],"fullName":"userRoles normalizeUserRole debe retornar \"colaborador\" para \"colaborador\" en minúsculas","invocations":1,"location":null,"numPassingAsserts":1,"retryReasons":[],"startAt":1788387548608,"status":"passed","title":"debe retornar \"colaborador\" para \"colaborador\" en minúsculas"},{"ancestorTitles":["userRoles","normalizeUserRole"],"duration":0,"failing":false,"failureDetails":[],"failureMessages":[],"fullName":"userRoles normalizeUserRole debe normalizar \"ADMIN\" a \"admin\"","invocations":1,"location":null,"numPassingAsserts":1,"retryReasons":[],"startAt":1788387548608,"status":"passed","title":"debe normalizar \"ADMIN\" a \"admin\""},{"ancestorTitles":["userRoles","normalizeUserRole"],"duration":0,"failing":false,"failureDetails":[],"failureMessages":[],"fullName":"userRoles normalizeUserRole debe normalizar \"COLABORADOR\" a \"colaborador\"","invocations":1,"location":null,"numPassingAsserts":1,"retryReasons":[],"startAt":1788387548608,"status":"passed","title":"debe normalizar \"COLABORADOR\" a \"colaborador\""},{"ancestorTitles":["userRoles","normalizeUserRole"],"duration":0,"failing":false,"failureDetails":[],"failureMessages":[],"fullName":"userRoles normalizeUserRole debe normalizar \"Admin\" a \"admin\"","invocations":1,"location":null,"numPassingAsserts":1,"retryReasons":[],"startAt":1788387548608,"status":"passed","title":"debe normalizar \"Admin\" a \"admin\""},{"ancestorTitles":["userRoles","normalizeUserRole"],"duration":1,"failing":false,"failureDetails":[],"failureMessages":[],"fullName":"userRoles normalizeUserRole debe normalizar \"Colaborador\" a \"colaborador\"","invocations":1,"location":null,"numPassingAsserts":1,"retryReasons":[],"startAt":1788387548608,"status":"passed","title":"debe normalizar \"Colaborador\" a \"colaborador\""},{"ancestorTitles":["userRoles","normalizeUserRole"],"duration":0,"failing":false,"failureDetails":[],"failureMessages":[],"fullName":"userRoles normalizeUserRole debe manejar espacios al inicio y final","invocations":1,"location":null,"numPassingAsserts":2,"retryReasons":[],"startAt":1788387548609,"status":"passed","title":"debe manejar espacios al inicio y final"},{"ancestorTitles":["userRoles","normalizeUserRole"],"duration":0,"failing":false,"failureDetails":[],"failureMessages":[],"fullName":"userRoles normalizeUserRole debe retornar null para roles inválidos","invocations":1,"location":null,"numPassingAsserts":3,"retryReasons":[],"startAt":1788387548609,"status":"passed","title":"debe retornar null para roles inválidos"},{"ancestorTitles":["userRoles","normalizeUserRole"],"duration":0,"failing":false,"failureDetails":[],"failureMessages":[],"fullName":"userRoles normalizeUserRole debe retornar null para string vacío","invocations":1,"location":null,"numPassingAsserts":1,"retryReasons":[],"startAt":1788387548609,"status":"passed","title":"debe retornar null para string vacío"},{"ancestorTitles":["userRoles","normalizeUserRole"],"duration":0,"failing":false,"failureDetails":[],"failureMessages":[],"fullName":"userRoles normalizeUserRole debe retornar null para string con solo espacios","invocations":1,"location":null,"numPassingAsserts":1,"retryReasons":[],"startAt":1788387548609,"status":"passed","title":"debe retornar null para string con solo espacios"},{"ancestorTitles":["userRoles","normalizeUserRole"],"duration":0,"failing":false,"failureDetails":[],"failureMessages":[],"fullName":"userRoles normalizeUserRole debe retornar null para null","invocations":1,"location":null,"numPassingAsserts":1,"retryReasons":[],"startAt":1788387548609,"status":"passed","title":"debe retornar null para null"},{"ancestorTitles":["userRoles","normalizeUserRole"],"duration":1,"failing":false,"failureDetails":[],"failureMessages":[],"fullName":"userRoles normalizeUserRole debe retornar null para undefined","invocations":1,"location":null,"numPassingAsserts":1,"retryReasons":[],"startAt":1788387548609,"status":"passed","title":"debe retornar null para undefined"},{"ancestorTitles":["userRoles","USER_ROLES"],"duration":0,"failing":false,"failureDetails":[],"failureMessages":[],"fullName":"userRoles USER_ROLES debe contener solo \"admin\" y \"colaborador\"","invocations":1,"location":null,"numPassingAsserts":1,"retryReasons":[],"startAt":1788387548610,"status":"passed","title":"debe contener solo \"admin\" y \"colaborador\""},{"ancestorTitles":["userRoles","USER_ROLES"],"duration":0,"failing":false,"failureDetails":[],"failureMessages":[],"fullName":"userRoles USER_ROLES debe tener longitud 2","invocations":1,"location":null,"numPassingAsserts":1,"retryReasons":[],"startAt":1788387548610,"status":"passed","title":"debe tener longitud 2"}],"endTime":1788387548610,"message":"","name":"G:\\TCU\\cam-sanjuanpablosegundo\\lib\\userRoles.test.ts","startTime":1788387548508,"status":"passed","summary":""},{"assertionResults":[{"ancestorTitles":["/api/emails/reporte-medicamentos"],"duration":1,"failing":false,"failureDetails":[],"failureMessages":[],"fullName":"/api/emails/reporte-medicamentos debe retornar 401 si el token del cron es inválido","invocations":1,"location":null,"numPassingAsserts":2,"retryReasons":[],"startAt":1788387548734,"status":"passed","title":"debe retornar 401 si el token del cron es inválido"},{"ancestorTitles":["/api/emails/reporte-medicamentos"],"duration":0,"failing":false,"failureDetails":[],"failureMessages":[],"fullName":"/api/emails/reporte-medicamentos debe omitir el envío cuando las notificaciones están desactivadas","invocations":1,"location":null,"numPassingAsserts":4,"retryReasons":[],"startAt":1788387548736,"status":"passed","title":"debe omitir el envío cuando las notificaciones están desactivadas"}],"endTime":1788387548736,"message":"","name":"G:\\TCU\\cam-sanjuanpablosegundo\\app\\api\\emails\\reporte-medicamentos\\route.test.ts","startTime":1788387548626,"status":"passed","summary":""},{"assertionResults":[{"ancestorTitles":["/api/configuracion-notificaciones","GET"],"duration":0,"failing":false,"failureDetails":[],"failureMessages":[],"fullName":"/api/configuracion-notificaciones GET debe retornar 401 si no hay sesión","invocations":1,"location":null,"numPassingAsserts":3,"retryReasons":[],"startAt":1788387548852,"status":"passed","title":"debe retornar 401 si no hay sesión"},{"ancestorTitles":["/api/configuracion-notificaciones","GET"],"duration":0,"failing":false,"failureDetails":[],"failureMessages":[],"fullName":"/api/configuracion-notificaciones GET debe retornar la configuración de notificaciones cuando hay sesión","invocations":1,"location":null,"numPassingAsserts":3,"retryReasons":[],"startAt":1788387548853,"status":"passed","title":"debe retornar la configuración de notificaciones cuando hay sesión"},{"ancestorTitles":["/api/configuracion-notificaciones","PUT"],"duration":1,"failing":false,"failureDetails":[],"failureMessages":[],"fullName":"/api/configuracion-notificaciones PUT debe retornar 403 si el usuario no es administrador","invocations":1,"location":null,"numPassingAsserts":3,"retryReasons":[],"startAt":1788387548853,"status":"passed","title":"debe retornar 403 si el usuario no es administrador"},{"ancestorTitles":["/api/configuracion-notificaciones","PUT"],"duration":0,"failing":false,"failureDetails":[],"failureMessages":[],"fullName":"/api/configuracion-notificaciones PUT debe permitir apagar las notificaciones guardando activo en false","invocations":1,"location":null,"numPassingAsserts":3,"retryReasons":[],"startAt":1788387548854,"status":"passed","title":"debe permitir apagar las notificaciones guardando activo en false"},{"ancestorTitles":["/api/configuracion-notificaciones","PUT"],"duration":0,"failing":false,"failureDetails":[],"failureMessages":[],"fullName":"/api/configuracion-notificaciones PUT debe retornar 400 si el correo destino es inválido","invocations":1,"location":null,"numPassingAsserts":3,"retryReasons":[],"startAt":1788387548854,"status":"passed","title":"debe retornar 400 si el correo destino es inválido"}],"endTime":1788387548855,"message":"","name":"G:\\TCU\\cam-sanjuanpablosegundo\\app\\api\\configuracion-notificaciones\\route.test.ts","startTime":1788387548744,"status":"passed","summary":""}],"wasInterrupted":false}
